<?xml version="1.0" encoding="UTF-8"?>
<!-- Generated by org.testng.reporters.JUnitReportReporter -->
<testsuite hostname="DESKTOP-3AKLKJE" name="test_cases.morCase_Case" tests="1" failures="0" timestamp="3 Aug 2016 07:42:10 GMT" time="9.214" errors="0">
  <testcase name="verifyMorecaseData" time="9.214" classname="test_cases.morCase_Case"/>
</testsuite> <!-- test_cases.morCase_Case -->
