<?xml version="1.0" encoding="UTF-8"?>
<!-- Generated by org.testng.reporters.JUnitReportReporter -->
<testsuite hostname="DESKTOP-3AKLKJE" name="test_cases.HomeCase" tests="1" failures="0" timestamp="3 Aug 2016 02:53:16 GMT" time="9.115" errors="0">
  <testcase name="findDesigner" time="9.115" classname="test_cases.HomeCase"/>
</testsuite> <!-- test_cases.HomeCase -->
