<?xml version="1.0" encoding="UTF-8"?>
<!-- Generated by org.testng.reporters.JUnitReportReporter -->
<testsuite hostname="DESKTOP-3AKLKJE" name="test_cases.LoginCase" tests="6" failures="0" timestamp="2 Aug 2016 09:07:35 GMT" time="85.377" errors="0">
  <testcase name="VerifyImgChcode4Login" time="18.766" classname="test_cases.LoginCase"/>
  <testcase name="VerifyPrompt4Login2" time="12.137" classname="test_cases.LoginCase"/>
  <testcase name="VerifyPrompt4Login1" time="12.133" classname="test_cases.LoginCase"/>
  <testcase name="login" time="17.742" classname="test_cases.LoginCase"/>
  <testcase name="VerifyPrompt4Login4" time="12.915" classname="test_cases.LoginCase"/>
  <testcase name="VerifyPrompt4Login3" time="11.684" classname="test_cases.LoginCase"/>
</testsuite> <!-- test_cases.LoginCase -->
